<?xml version="1.0" encoding="UTF-8"?>
<!DOCTYPE mapper
PUBLIC "-//mybatis.org//DTD Mapper 3.0//EN"
"http://mybatis.org/dtd/mybatis-3-mapper.dtd">
<mapper namespace="com.edu.test.dto.TestBean">

<insert id="levelTestInsert" parameterType="test">
 INSERT INTO LEVELTEST VALUES(0,#{id},#{score},#{classname})
 </insert>
</mapper>